/Users/arpitgautam/Downloads/revlens_2/.venv/lib/python3.9/site-packages/urllib3/__init__.py:35: NotOpenSSLWarning: urllib3 v2 only supports OpenSSL 1.1.1+, currently the 'ssl' module is compiled with 'LibreSSL 2.8.3'. See: https://github.com/urllib3/urllib3/issues/3020
warnings.warn(
Running with dbt=1.10.22
Registered adapter: duckdb=1.10.0
Found 16 models, 21 data tests, 7 sources, 572 macros

Concurrency: 1 threads (target='duckdb')

1 of 37 START sql view model main.stg_events ................................... [RUN]
1 of 37 OK created sql view model main.stg_events .............................. [[32mOK[0m in 0.04s]
2 of 37 START sql view model main.stg_events_dead_letter ....................... [RUN]
2 of 37 OK created sql view model main.stg_events_dead_letter .................. [[32mOK[0m in 0.02s]
3 of 37 START sql view model main.stg_hubspot__companies ....................... [RUN]
3 of 37 OK created sql view model main.stg_hubspot__companies .................. [[32mOK[0m in 0.02s]
4 of 37 START sql view model main.stg_hubspot__contacts ........................ [RUN]
4 of 37 OK created sql view model main.stg_hubspot__contacts ................... [[32mOK[0m in 0.02s]
5 of 37 START sql view model main.stg_hubspot__deals ........................... [RUN]
5 of 37 OK created sql view model main.stg_hubspot__deals ...................... [[32mOK[0m in 0.02s]
6 of 37 START sql view model main.stg_stripe__customers ........................ [RUN]
6 of 37 OK created sql view model main.stg_stripe__customers ................... [[32mOK[0m in 0.02s]
7 of 37 START sql view model main.stg_stripe__invoices ......................... [RUN]
7 of 37 OK created sql view model main.stg_stripe__invoices .................... [[32mOK[0m in 0.02s]
8 of 37 START sql view model main.stg_stripe__subscriptions .................... [RUN]
8 of 37 OK created sql view model main.stg_stripe__subscriptions ............... [[32mOK[0m in 0.02s]
9 of 37 START test accepted_values_stg_events_event_name__page_viewed__signed_up__identify__session_started__doc_created__doc_edited__comment_added__search_performed__integration_used__member_invited__export_performed  [RUN]
9 of 37 PASS accepted_values_stg_events_event_name__page_viewed__signed_up__identify__session_started__doc_created__doc_edited__comment_added__search_performed__integration_used__member_invited__export_performed  [[32mPASS[0m in 0.57s]
10 of 37 START test not_null_stg_events_event_id ............................... [RUN]
10 of 37 PASS not_null_stg_events_event_id ..................................... [[32mPASS[0m in 0.06s]
11 of 37 START test not_null_stg_events_event_name ............................. [RUN]
11 of 37 PASS not_null_stg_events_event_name ................................... [[32mPASS[0m in 0.52s]
12 of 37 START test not_null_stg_events_event_ts ............................... [RUN]
12 of 37 PASS not_null_stg_events_event_ts ..................................... [[32mPASS[0m in 0.49s]
13 of 37 START test unique_stg_events_event_id ................................. [RUN]
13 of 37 PASS unique_stg_events_event_id ....................................... [[32mPASS[0m in 0.48s]
14 of 37 START test not_null_stg_events_dead_letter_failure_reason ............. [RUN]
14 of 37 PASS not_null_stg_events_dead_letter_failure_reason ................... [[32mPASS[0m in 0.01s]
15 of 37 START sql table model main.fct_mrr_monthly ............................ [RUN]
15 of 37 OK created sql table model main.fct_mrr_monthly ....................... [[32mOK[0m in 0.04s]
16 of 37 START sql view model main.int_identity__anon_to_user .................. [RUN]
16 of 37 OK created sql view model main.int_identity__anon_to_user ............. [[32mOK[0m in 0.02s]
17 of 37 START sql view model main.int_identity__user_to_account ............... [RUN]
17 of 37 OK created sql view model main.int_identity__user_to_account .......... [[32mOK[0m in 0.02s]
18 of 37 START test dbt_utils_unique_combination_of_columns_fct_mrr_monthly_invoice_month__account_id  [RUN]
18 of 37 PASS dbt_utils_unique_combination_of_columns_fct_mrr_monthly_invoice_month__account_id  [[32mPASS[0m in 0.01s]
19 of 37 START test not_null_fct_mrr_monthly_mrr ............................... [RUN]
19 of 37 PASS not_null_fct_mrr_monthly_mrr ..................................... [[32mPASS[0m in 0.01s]
20 of 37 START test not_null_int_identity__anon_to_user_anonymous_id ........... [RUN]
20 of 37 PASS not_null_int_identity__anon_to_user_anonymous_id ................. [[32mPASS[0m in 0.69s]
21 of 37 START test not_null_int_identity__anon_to_user_user_id ................ [RUN]
21 of 37 PASS not_null_int_identity__anon_to_user_user_id ...................... [[32mPASS[0m in 0.66s]
22 of 37 START test unique_int_identity__anon_to_user_anonymous_id ............. [RUN]
22 of 37 PASS unique_int_identity__anon_to_user_anonymous_id ................... [[32mPASS[0m in 0.71s]
23 of 37 START test not_null_int_identity__user_to_account_user_id ............. [RUN]
23 of 37 PASS not_null_int_identity__user_to_account_user_id ................... [[32mPASS[0m in 0.68s]
24 of 37 START test unique_int_identity__user_to_account_user_id ............... [RUN]
24 of 37 PASS unique_int_identity__user_to_account_user_id ..................... [[32mPASS[0m in 0.67s]
25 of 37 START sql table model main.fct_ndr .................................... [RUN]
25 of 37 OK created sql table model main.fct_ndr ............................... [[32mOK[0m in 0.02s]
26 of 37 START sql table model main.fct_events ................................. [RUN]
26 of 37 OK created sql table model main.fct_events ............................ [[32mOK[0m in 2.74s]
27 of 37 START sql view model main.int_identity__account_spine ................. [RUN]
27 of 37 OK created sql view model main.int_identity__account_spine ............ [[32mOK[0m in 0.02s]
28 of 37 START test not_null_fct_events_event_id ............................... [RUN]
28 of 37 PASS not_null_fct_events_event_id ..................................... [[32mPASS[0m in 0.01s]
29 of 37 START test unique_fct_events_event_id ................................. [RUN]
29 of 37 PASS unique_fct_events_event_id ....................................... [[32mPASS[0m in 0.03s]
30 of 37 START test not_null_int_identity__account_spine_account_id ............ [RUN]
30 of 37 PASS not_null_int_identity__account_spine_account_id .................. [[32mPASS[0m in 0.77s]
31 of 37 START test unique_int_identity__account_spine_account_id .............. [RUN]
31 of 37 PASS unique_int_identity__account_spine_account_id .................... [[32mPASS[0m in 0.75s]
32 of 37 START sql table model main.dim_accounts ............................... [RUN]
32 of 37 OK created sql table model main.dim_accounts .......................... [[32mOK[0m in 0.76s]
33 of 37 START test not_null_dim_accounts_account_id ........................... [RUN]
33 of 37 PASS not_null_dim_accounts_account_id ................................. [[32mPASS[0m in 0.01s]
34 of 37 START test unique_dim_accounts_account_id ............................. [RUN]
34 of 37 PASS unique_dim_accounts_account_id ................................... [[32mPASS[0m in 0.01s]
35 of 37 START sql table model main.fct_revenue_attribution .................... [RUN]
35 of 37 OK created sql table model main.fct_revenue_attribution ............... [[32mOK[0m in 0.02s]
36 of 37 START test not_null_fct_revenue_attribution_channel ................... [RUN]
36 of 37 PASS not_null_fct_revenue_attribution_channel ......................... [[32mPASS[0m in 0.01s]
37 of 37 START test unique_fct_revenue_attribution_channel ..................... [RUN]
37 of 37 PASS unique_fct_revenue_attribution_channel ........................... [[32mPASS[0m in 0.01s]

Finished running 5 table models, 21 data tests, 11 view models in 0 hours 0 minutes and 11.11 seconds (11.11s).

[32mCompleted successfully[0m

Done. PASS=37 WARN=0 ERROR=0 SKIP=0 NO-OP=0 TOTAL=37
