[32m2026-07-18 17:30:57 +0530[0m - dagster - [34mDEBUG[0m - __ASSET_JOB - 2779568c-c38e-493d-a4d2-5f5299aeaba7 - 87481 - LOGS_CAPTURED - Started capturing logs in process (pid: 87481).
[32m2026-07-18 17:30:57 +0530[0m - dagster - [34mDEBUG[0m - __ASSET_JOB - 2779568c-c38e-493d-a4d2-5f5299aeaba7 - 87481 - revlens_dbt - STEP_START - Started execution of step "revlens_dbt".
[32m2026-07-18 17:30:57 +0530[0m - dagster - [34mINFO[0m - __ASSET_JOB - 2779568c-c38e-493d-a4d2-5f5299aeaba7 - revlens_dbt - A dbt subsetted execution is not being performed. Using the default dbt selection arguments `['--select', 'fqn:*']`.
/Users/arpitgautam/Downloads/revlens_2/.venv/lib/python3.9/site-packages/urllib3/__init__.py:35: NotOpenSSLWarning: urllib3 v2 only supports OpenSSL 1.1.1+, currently the 'ssl' module is compiled with 'LibreSSL 2.8.3'. See: https://github.com/urllib3/urllib3/issues/3020
  warnings.warn(
[32m2026-07-18 17:30:58 +0530[0m - dagster - [34mINFO[0m - __ASSET_JOB - 2779568c-c38e-493d-a4d2-5f5299aeaba7 - revlens_dbt - Copying `/Users/arpitgautam/Downloads/revlens_2/dbt/revlens/target/partial_parse.msgpack` to `/Users/arpitgautam/Downloads/revlens_2/dbt/revlens/target/revlens_dbt-2779568-3a7f60a/partial_parse.msgpack` to take advantage of partial parsing.
[32m2026-07-18 17:30:58 +0530[0m - dagster - [34mINFO[0m - __ASSET_JOB - 2779568c-c38e-493d-a4d2-5f5299aeaba7 - revlens_dbt - Running dbt command: `dbt build --select fqn:*`.
[32m2026-07-18 17:30:59 +0530[0m - dagster - [34mDEBUG[0m - __ASSET_JOB - 2779568c-c38e-493d-a4d2-5f5299aeaba7 - 87481 - revlens_dbt - STEP_OUTPUT - Yielded output "stg_events" of type "Nothing". (Type check passed).
[32m2026-07-18 17:30:59 +0530[0m - dagster - [34mDEBUG[0m - __ASSET_JOB - 2779568c-c38e-493d-a4d2-5f5299aeaba7 - 87481 - revlens_dbt - ASSET_MATERIALIZATION - Materialized value stg_events.
[32m2026-07-18 17:30:59 +0530[0m - dagster - [34mDEBUG[0m - __ASSET_JOB - 2779568c-c38e-493d-a4d2-5f5299aeaba7 - 87481 - revlens_dbt - STEP_OUTPUT - Yielded output "stg_events_dead_letter" of type "Nothing". (Type check passed).
[32m2026-07-18 17:30:59 +0530[0m - dagster - [34mDEBUG[0m - __ASSET_JOB - 2779568c-c38e-493d-a4d2-5f5299aeaba7 - 87481 - revlens_dbt - ASSET_MATERIALIZATION - Materialized value stg_events_dead_letter.
[32m2026-07-18 17:30:59 +0530[0m - dagster - [34mDEBUG[0m - __ASSET_JOB - 2779568c-c38e-493d-a4d2-5f5299aeaba7 - 87481 - revlens_dbt - STEP_OUTPUT - Yielded output "stg_hubspot__companies" of type "Nothing". (Type check passed).
[32m2026-07-18 17:30:59 +0530[0m - dagster - [34mDEBUG[0m - __ASSET_JOB - 2779568c-c38e-493d-a4d2-5f5299aeaba7 - 87481 - revlens_dbt - ASSET_MATERIALIZATION - Materialized value stg_hubspot__companies.
[32m2026-07-18 17:30:59 +0530[0m - dagster - [34mDEBUG[0m - __ASSET_JOB - 2779568c-c38e-493d-a4d2-5f5299aeaba7 - 87481 - revlens_dbt - STEP_OUTPUT - Yielded output "stg_hubspot__contacts" of type "Nothing". (Type check passed).
[32m2026-07-18 17:30:59 +0530[0m - dagster - [34mDEBUG[0m - __ASSET_JOB - 2779568c-c38e-493d-a4d2-5f5299aeaba7 - 87481 - revlens_dbt - ASSET_MATERIALIZATION - Materialized value stg_hubspot__contacts.
[32m2026-07-18 17:30:59 +0530[0m - dagster - [34mDEBUG[0m - __ASSET_JOB - 2779568c-c38e-493d-a4d2-5f5299aeaba7 - 87481 - revlens_dbt - STEP_OUTPUT - Yielded output "stg_hubspot__deals" of type "Nothing". (Type check passed).
[32m2026-07-18 17:30:59 +0530[0m - dagster - [34mDEBUG[0m - __ASSET_JOB - 2779568c-c38e-493d-a4d2-5f5299aeaba7 - 87481 - revlens_dbt - ASSET_MATERIALIZATION - Materialized value stg_hubspot__deals.
[32m2026-07-18 17:30:59 +0530[0m - dagster - [34mDEBUG[0m - __ASSET_JOB - 2779568c-c38e-493d-a4d2-5f5299aeaba7 - 87481 - revlens_dbt - STEP_OUTPUT - Yielded output "stg_stripe__customers" of type "Nothing". (Type check passed).
[32m2026-07-18 17:30:59 +0530[0m - dagster - [34mDEBUG[0m - __ASSET_JOB - 2779568c-c38e-493d-a4d2-5f5299aeaba7 - 87481 - revlens_dbt - ASSET_MATERIALIZATION - Materialized value stg_stripe__customers.
[32m2026-07-18 17:30:59 +0530[0m - dagster - [34mDEBUG[0m - __ASSET_JOB - 2779568c-c38e-493d-a4d2-5f5299aeaba7 - 87481 - revlens_dbt - STEP_OUTPUT - Yielded output "stg_stripe__invoices" of type "Nothing". (Type check passed).
[32m2026-07-18 17:30:59 +0530[0m - dagster - [34mDEBUG[0m - __ASSET_JOB - 2779568c-c38e-493d-a4d2-5f5299aeaba7 - 87481 - revlens_dbt - ASSET_MATERIALIZATION - Materialized value stg_stripe__invoices.
[32m2026-07-18 17:30:59 +0530[0m - dagster - [34mDEBUG[0m - __ASSET_JOB - 2779568c-c38e-493d-a4d2-5f5299aeaba7 - 87481 - revlens_dbt - STEP_OUTPUT - Yielded output "stg_stripe__subscriptions" of type "Nothing". (Type check passed).
[32m2026-07-18 17:30:59 +0530[0m - dagster - [34mDEBUG[0m - __ASSET_JOB - 2779568c-c38e-493d-a4d2-5f5299aeaba7 - 87481 - revlens_dbt - ASSET_MATERIALIZATION - Materialized value stg_stripe__subscriptions.
[32m2026-07-18 17:31:00 +0530[0m - dagster - [34mDEBUG[0m - __ASSET_JOB - 2779568c-c38e-493d-a4d2-5f5299aeaba7 - 87481 - revlens_dbt - STEP_OUTPUT - Yielded output "stg_events_accepted_values_stg_events_event_name__page_viewed__signed_up__identify__session_started__doc_created__doc_edited__comment_added__search_performed__integration_used__member_invited__export_performed" of type "Any". (Type check passed).
[32m2026-07-18 17:31:00 +0530[0m - dagster - [34mDEBUG[0m - __ASSET_JOB - 2779568c-c38e-493d-a4d2-5f5299aeaba7 - 87481 - revlens_dbt - ASSET_CHECK_EVALUATION - Asset check 'accepted_values_stg_events_event_name__page_viewed__signed_up__identify__session_started__doc_created__doc_edited__comment_added__search_performed__integration_used__member_invited__export_performed' on 'stg_events' passed.
[32m2026-07-18 17:31:00 +0530[0m - dagster - [34mDEBUG[0m - __ASSET_JOB - 2779568c-c38e-493d-a4d2-5f5299aeaba7 - 87481 - revlens_dbt - STEP_OUTPUT - Yielded output "stg_events_not_null_stg_events_event_id" of type "Any". (Type check passed).
[32m2026-07-18 17:31:00 +0530[0m - dagster - [34mDEBUG[0m - __ASSET_JOB - 2779568c-c38e-493d-a4d2-5f5299aeaba7 - 87481 - revlens_dbt - ASSET_CHECK_EVALUATION - Asset check 'not_null_stg_events_event_id' on 'stg_events' passed.
[32m2026-07-18 17:31:01 +0530[0m - dagster - [34mDEBUG[0m - __ASSET_JOB - 2779568c-c38e-493d-a4d2-5f5299aeaba7 - 87481 - revlens_dbt - STEP_OUTPUT - Yielded output "stg_events_not_null_stg_events_event_name" of type "Any". (Type check passed).
[32m2026-07-18 17:31:01 +0530[0m - dagster - [34mDEBUG[0m - __ASSET_JOB - 2779568c-c38e-493d-a4d2-5f5299aeaba7 - 87481 - revlens_dbt - ASSET_CHECK_EVALUATION - Asset check 'not_null_stg_events_event_name' on 'stg_events' passed.
[32m2026-07-18 17:31:01 +0530[0m - dagster - [34mDEBUG[0m - __ASSET_JOB - 2779568c-c38e-493d-a4d2-5f5299aeaba7 - 87481 - revlens_dbt - STEP_OUTPUT - Yielded output "stg_events_not_null_stg_events_event_ts" of type "Any". (Type check passed).
[32m2026-07-18 17:31:01 +0530[0m - dagster - [34mDEBUG[0m - __ASSET_JOB - 2779568c-c38e-493d-a4d2-5f5299aeaba7 - 87481 - revlens_dbt - ASSET_CHECK_EVALUATION - Asset check 'not_null_stg_events_event_ts' on 'stg_events' passed.
[32m2026-07-18 17:31:02 +0530[0m - dagster - [34mDEBUG[0m - __ASSET_JOB - 2779568c-c38e-493d-a4d2-5f5299aeaba7 - 87481 - revlens_dbt - STEP_OUTPUT - Yielded output "stg_events_unique_stg_events_event_id" of type "Any". (Type check passed).
[32m2026-07-18 17:31:02 +0530[0m - dagster - [34mDEBUG[0m - __ASSET_JOB - 2779568c-c38e-493d-a4d2-5f5299aeaba7 - 87481 - revlens_dbt - ASSET_CHECK_EVALUATION - Asset check 'unique_stg_events_event_id' on 'stg_events' passed.
[32m2026-07-18 17:31:02 +0530[0m - dagster - [34mDEBUG[0m - __ASSET_JOB - 2779568c-c38e-493d-a4d2-5f5299aeaba7 - 87481 - revlens_dbt - STEP_OUTPUT - Yielded output "stg_events_dead_letter_not_null_stg_events_dead_letter_failure_reason" of type "Any". (Type check passed).
[32m2026-07-18 17:31:02 +0530[0m - dagster - [34mDEBUG[0m - __ASSET_JOB - 2779568c-c38e-493d-a4d2-5f5299aeaba7 - 87481 - revlens_dbt - ASSET_CHECK_EVALUATION - Asset check 'not_null_stg_events_dead_letter_failure_reason' on 'stg_events_dead_letter' passed.
[32m2026-07-18 17:31:02 +0530[0m - dagster - [34mDEBUG[0m - __ASSET_JOB - 2779568c-c38e-493d-a4d2-5f5299aeaba7 - 87481 - revlens_dbt - STEP_OUTPUT - Yielded output "fct_mrr_monthly" of type "Nothing". (Type check passed).
[32m2026-07-18 17:31:02 +0530[0m - dagster - [34mDEBUG[0m - __ASSET_JOB - 2779568c-c38e-493d-a4d2-5f5299aeaba7 - 87481 - revlens_dbt - ASSET_MATERIALIZATION - Materialized value fct_mrr_monthly.
[32m2026-07-18 17:31:02 +0530[0m - dagster - [34mDEBUG[0m - __ASSET_JOB - 2779568c-c38e-493d-a4d2-5f5299aeaba7 - 87481 - revlens_dbt - STEP_OUTPUT - Yielded output "int_identity__anon_to_user" of type "Nothing". (Type check passed).
[32m2026-07-18 17:31:02 +0530[0m - dagster - [34mDEBUG[0m - __ASSET_JOB - 2779568c-c38e-493d-a4d2-5f5299aeaba7 - 87481 - revlens_dbt - ASSET_MATERIALIZATION - Materialized value int_identity__anon_to_user.
[32m2026-07-18 17:31:02 +0530[0m - dagster - [34mDEBUG[0m - __ASSET_JOB - 2779568c-c38e-493d-a4d2-5f5299aeaba7 - 87481 - revlens_dbt - STEP_OUTPUT - Yielded output "int_identity__user_to_account" of type "Nothing". (Type check passed).
[32m2026-07-18 17:31:02 +0530[0m - dagster - [34mDEBUG[0m - __ASSET_JOB - 2779568c-c38e-493d-a4d2-5f5299aeaba7 - 87481 - revlens_dbt - ASSET_MATERIALIZATION - Materialized value int_identity__user_to_account.
[32m2026-07-18 17:31:02 +0530[0m - dagster - [34mDEBUG[0m - __ASSET_JOB - 2779568c-c38e-493d-a4d2-5f5299aeaba7 - 87481 - revlens_dbt - STEP_OUTPUT - Yielded output "fct_mrr_monthly_dbt_utils_unique_combination_of_columns_fct_mrr_monthly_invoice_month__account_id" of type "Any". (Type check passed).
[32m2026-07-18 17:31:02 +0530[0m - dagster - [34mDEBUG[0m - __ASSET_JOB - 2779568c-c38e-493d-a4d2-5f5299aeaba7 - 87481 - revlens_dbt - ASSET_CHECK_EVALUATION - Asset check 'dbt_utils_unique_combination_of_columns_fct_mrr_monthly_invoice_month__account_id' on 'fct_mrr_monthly' passed.
[32m2026-07-18 17:31:02 +0530[0m - dagster - [34mDEBUG[0m - __ASSET_JOB - 2779568c-c38e-493d-a4d2-5f5299aeaba7 - 87481 - revlens_dbt - STEP_OUTPUT - Yielded output "fct_mrr_monthly_not_null_fct_mrr_monthly_mrr" of type "Any". (Type check passed).
[32m2026-07-18 17:31:02 +0530[0m - dagster - [34mDEBUG[0m - __ASSET_JOB - 2779568c-c38e-493d-a4d2-5f5299aeaba7 - 87481 - revlens_dbt - ASSET_CHECK_EVALUATION - Asset check 'not_null_fct_mrr_monthly_mrr' on 'fct_mrr_monthly' passed.
[32m2026-07-18 17:31:02 +0530[0m - dagster - [34mDEBUG[0m - __ASSET_JOB - 2779568c-c38e-493d-a4d2-5f5299aeaba7 - 87481 - revlens_dbt - STEP_OUTPUT - Yielded output "int_identity__anon_to_user_not_null_int_identity__anon_to_user_anonymous_id" of type "Any". (Type check passed).
[32m2026-07-18 17:31:02 +0530[0m - dagster - [34mDEBUG[0m - __ASSET_JOB - 2779568c-c38e-493d-a4d2-5f5299aeaba7 - 87481 - revlens_dbt - ASSET_CHECK_EVALUATION - Asset check 'not_null_int_identity__anon_to_user_anonymous_id' on 'int_identity__anon_to_user' passed.
[32m2026-07-18 17:31:03 +0530[0m - dagster - [34mDEBUG[0m - __ASSET_JOB - 2779568c-c38e-493d-a4d2-5f5299aeaba7 - 87481 - revlens_dbt - STEP_OUTPUT - Yielded output "int_identity__anon_to_user_not_null_int_identity__anon_to_user_user_id" of type "Any". (Type check passed).
[32m2026-07-18 17:31:03 +0530[0m - dagster - [34mDEBUG[0m - __ASSET_JOB - 2779568c-c38e-493d-a4d2-5f5299aeaba7 - 87481 - revlens_dbt - ASSET_CHECK_EVALUATION - Asset check 'not_null_int_identity__anon_to_user_user_id' on 'int_identity__anon_to_user' passed.
[32m2026-07-18 17:31:04 +0530[0m - dagster - [34mDEBUG[0m - __ASSET_JOB - 2779568c-c38e-493d-a4d2-5f5299aeaba7 - 87481 - revlens_dbt - STEP_OUTPUT - Yielded output "int_identity__anon_to_user_unique_int_identity__anon_to_user_anonymous_id" of type "Any". (Type check passed).
[32m2026-07-18 17:31:04 +0530[0m - dagster - [34mDEBUG[0m - __ASSET_JOB - 2779568c-c38e-493d-a4d2-5f5299aeaba7 - 87481 - revlens_dbt - ASSET_CHECK_EVALUATION - Asset check 'unique_int_identity__anon_to_user_anonymous_id' on 'int_identity__anon_to_user' passed.
[32m2026-07-18 17:31:04 +0530[0m - dagster - [34mDEBUG[0m - __ASSET_JOB - 2779568c-c38e-493d-a4d2-5f5299aeaba7 - 87481 - revlens_dbt - STEP_OUTPUT - Yielded output "int_identity__user_to_account_not_null_int_identity__user_to_account_user_id" of type "Any". (Type check passed).
[32m2026-07-18 17:31:04 +0530[0m - dagster - [34mDEBUG[0m - __ASSET_JOB - 2779568c-c38e-493d-a4d2-5f5299aeaba7 - 87481 - revlens_dbt - ASSET_CHECK_EVALUATION - Asset check 'not_null_int_identity__user_to_account_user_id' on 'int_identity__user_to_account' passed.
[32m2026-07-18 17:31:05 +0530[0m - dagster - [34mDEBUG[0m - __ASSET_JOB - 2779568c-c38e-493d-a4d2-5f5299aeaba7 - 87481 - revlens_dbt - STEP_OUTPUT - Yielded output "int_identity__user_to_account_unique_int_identity__user_to_account_user_id" of type "Any". (Type check passed).
[32m2026-07-18 17:31:05 +0530[0m - dagster - [34mDEBUG[0m - __ASSET_JOB - 2779568c-c38e-493d-a4d2-5f5299aeaba7 - 87481 - revlens_dbt - ASSET_CHECK_EVALUATION - Asset check 'unique_int_identity__user_to_account_user_id' on 'int_identity__user_to_account' passed.
[32m2026-07-18 17:31:05 +0530[0m - dagster - [34mDEBUG[0m - __ASSET_JOB - 2779568c-c38e-493d-a4d2-5f5299aeaba7 - 87481 - revlens_dbt - STEP_OUTPUT - Yielded output "fct_ndr" of type "Nothing". (Type check passed).
[32m2026-07-18 17:31:05 +0530[0m - dagster - [34mDEBUG[0m - __ASSET_JOB - 2779568c-c38e-493d-a4d2-5f5299aeaba7 - 87481 - revlens_dbt - ASSET_MATERIALIZATION - Materialized value fct_ndr.
[32m2026-07-18 17:31:08 +0530[0m - dagster - [34mDEBUG[0m - __ASSET_JOB - 2779568c-c38e-493d-a4d2-5f5299aeaba7 - 87481 - revlens_dbt - STEP_OUTPUT - Yielded output "fct_events" of type "Nothing". (Type check passed).
[32m2026-07-18 17:31:08 +0530[0m - dagster - [34mDEBUG[0m - __ASSET_JOB - 2779568c-c38e-493d-a4d2-5f5299aeaba7 - 87481 - revlens_dbt - ASSET_MATERIALIZATION - Materialized value fct_events.
[32m2026-07-18 17:31:08 +0530[0m - dagster - [34mDEBUG[0m - __ASSET_JOB - 2779568c-c38e-493d-a4d2-5f5299aeaba7 - 87481 - revlens_dbt - STEP_OUTPUT - Yielded output "int_identity__account_spine" of type "Nothing". (Type check passed).
[32m2026-07-18 17:31:08 +0530[0m - dagster - [34mDEBUG[0m - __ASSET_JOB - 2779568c-c38e-493d-a4d2-5f5299aeaba7 - 87481 - revlens_dbt - ASSET_MATERIALIZATION - Materialized value int_identity__account_spine.
[32m2026-07-18 17:31:08 +0530[0m - dagster - [34mDEBUG[0m - __ASSET_JOB - 2779568c-c38e-493d-a4d2-5f5299aeaba7 - 87481 - revlens_dbt - STEP_OUTPUT - Yielded output "fct_events_not_null_fct_events_event_id" of type "Any". (Type check passed).
[32m2026-07-18 17:31:08 +0530[0m - dagster - [34mDEBUG[0m - __ASSET_JOB - 2779568c-c38e-493d-a4d2-5f5299aeaba7 - 87481 - revlens_dbt - ASSET_CHECK_EVALUATION - Asset check 'not_null_fct_events_event_id' on 'fct_events' passed.
[32m2026-07-18 17:31:08 +0530[0m - dagster - [34mDEBUG[0m - __ASSET_JOB - 2779568c-c38e-493d-a4d2-5f5299aeaba7 - 87481 - revlens_dbt - STEP_OUTPUT - Yielded output "fct_events_unique_fct_events_event_id" of type "Any". (Type check passed).
[32m2026-07-18 17:31:08 +0530[0m - dagster - [34mDEBUG[0m - __ASSET_JOB - 2779568c-c38e-493d-a4d2-5f5299aeaba7 - 87481 - revlens_dbt - ASSET_CHECK_EVALUATION - Asset check 'unique_fct_events_event_id' on 'fct_events' passed.
[32m2026-07-18 17:31:09 +0530[0m - dagster - [34mDEBUG[0m - __ASSET_JOB - 2779568c-c38e-493d-a4d2-5f5299aeaba7 - 87481 - revlens_dbt - STEP_OUTPUT - Yielded output "int_identity__account_spine_not_null_int_identity__account_spine_account_id" of type "Any". (Type check passed).
[32m2026-07-18 17:31:09 +0530[0m - dagster - [34mDEBUG[0m - __ASSET_JOB - 2779568c-c38e-493d-a4d2-5f5299aeaba7 - 87481 - revlens_dbt - ASSET_CHECK_EVALUATION - Asset check 'not_null_int_identity__account_spine_account_id' on 'int_identity__account_spine' passed.
[32m2026-07-18 17:31:09 +0530[0m - dagster - [34mDEBUG[0m - __ASSET_JOB - 2779568c-c38e-493d-a4d2-5f5299aeaba7 - 87481 - revlens_dbt - STEP_OUTPUT - Yielded output "int_identity__account_spine_unique_int_identity__account_spine_account_id" of type "Any". (Type check passed).
[32m2026-07-18 17:31:09 +0530[0m - dagster - [34mDEBUG[0m - __ASSET_JOB - 2779568c-c38e-493d-a4d2-5f5299aeaba7 - 87481 - revlens_dbt - ASSET_CHECK_EVALUATION - Asset check 'unique_int_identity__account_spine_account_id' on 'int_identity__account_spine' passed.
[32m2026-07-18 17:31:10 +0530[0m - dagster - [34mDEBUG[0m - __ASSET_JOB - 2779568c-c38e-493d-a4d2-5f5299aeaba7 - 87481 - revlens_dbt - STEP_OUTPUT - Yielded output "dim_accounts" of type "Nothing". (Type check passed).
[32m2026-07-18 17:31:10 +0530[0m - dagster - [34mDEBUG[0m - __ASSET_JOB - 2779568c-c38e-493d-a4d2-5f5299aeaba7 - 87481 - revlens_dbt - ASSET_MATERIALIZATION - Materialized value dim_accounts.
[32m2026-07-18 17:31:10 +0530[0m - dagster - [34mDEBUG[0m - __ASSET_JOB - 2779568c-c38e-493d-a4d2-5f5299aeaba7 - 87481 - revlens_dbt - STEP_OUTPUT - Yielded output "dim_accounts_not_null_dim_accounts_account_id" of type "Any". (Type check passed).
[32m2026-07-18 17:31:10 +0530[0m - dagster - [34mDEBUG[0m - __ASSET_JOB - 2779568c-c38e-493d-a4d2-5f5299aeaba7 - 87481 - revlens_dbt - ASSET_CHECK_EVALUATION - Asset check 'not_null_dim_accounts_account_id' on 'dim_accounts' passed.
[32m2026-07-18 17:31:10 +0530[0m - dagster - [34mDEBUG[0m - __ASSET_JOB - 2779568c-c38e-493d-a4d2-5f5299aeaba7 - 87481 - revlens_dbt - STEP_OUTPUT - Yielded output "dim_accounts_unique_dim_accounts_account_id" of type "Any". (Type check passed).
[32m2026-07-18 17:31:10 +0530[0m - dagster - [34mDEBUG[0m - __ASSET_JOB - 2779568c-c38e-493d-a4d2-5f5299aeaba7 - 87481 - revlens_dbt - ASSET_CHECK_EVALUATION - Asset check 'unique_dim_accounts_account_id' on 'dim_accounts' passed.
[32m2026-07-18 17:31:10 +0530[0m - dagster - [34mDEBUG[0m - __ASSET_JOB - 2779568c-c38e-493d-a4d2-5f5299aeaba7 - 87481 - revlens_dbt - STEP_OUTPUT - Yielded output "fct_revenue_attribution" of type "Nothing". (Type check passed).
[32m2026-07-18 17:31:10 +0530[0m - dagster - [34mDEBUG[0m - __ASSET_JOB - 2779568c-c38e-493d-a4d2-5f5299aeaba7 - 87481 - revlens_dbt - ASSET_MATERIALIZATION - Materialized value fct_revenue_attribution.
[32m2026-07-18 17:31:10 +0530[0m - dagster - [34mDEBUG[0m - __ASSET_JOB - 2779568c-c38e-493d-a4d2-5f5299aeaba7 - 87481 - revlens_dbt - STEP_OUTPUT - Yielded output "fct_revenue_attribution_not_null_fct_revenue_attribution_channel" of type "Any". (Type check passed).
[32m2026-07-18 17:31:10 +0530[0m - dagster - [34mDEBUG[0m - __ASSET_JOB - 2779568c-c38e-493d-a4d2-5f5299aeaba7 - 87481 - revlens_dbt - ASSET_CHECK_EVALUATION - Asset check 'not_null_fct_revenue_attribution_channel' on 'fct_revenue_attribution' passed.
[32m2026-07-18 17:31:10 +0530[0m - dagster - [34mDEBUG[0m - __ASSET_JOB - 2779568c-c38e-493d-a4d2-5f5299aeaba7 - 87481 - revlens_dbt - STEP_OUTPUT - Yielded output "fct_revenue_attribution_unique_fct_revenue_attribution_channel" of type "Any". (Type check passed).
[32m2026-07-18 17:31:10 +0530[0m - dagster - [34mDEBUG[0m - __ASSET_JOB - 2779568c-c38e-493d-a4d2-5f5299aeaba7 - 87481 - revlens_dbt - ASSET_CHECK_EVALUATION - Asset check 'unique_fct_revenue_attribution_channel' on 'fct_revenue_attribution' passed.
[32m2026-07-18 17:31:11 +0530[0m - dagster - [34mINFO[0m - __ASSET_JOB - 2779568c-c38e-493d-a4d2-5f5299aeaba7 - revlens_dbt - Finished dbt command: `dbt build --select fqn:*`.
[32m2026-07-18 17:31:11 +0530[0m - dagster - [34mDEBUG[0m - __ASSET_JOB - 2779568c-c38e-493d-a4d2-5f5299aeaba7 - 87481 - revlens_dbt - STEP_SUCCESS - Finished execution of step "revlens_dbt" in 13.75s.
